<?xml version="1.0" encoding="UTF-8"?>
<!-- Generated by org.testng.reporters.JUnitXMLReporter -->
<testsuite ignored="0" hostname="DESKTOP-20UUDJV" failures="0" tests="3" name="Test" time="33.988" errors="0" timestamp="2026-01-21T12:23:31 IST">
  <testcase classname="com.flipcart.india.testscript.AutomationTask" name="Print_Available_offers" time="22.119"/>
  <testcase classname="com.flipcart.india.testscript.AutomationTask" name="Product_is_Not_Available" time="5.4"/>
  <testcase classname="com.flipcart.india.testscript.AutomationTask" name="Product_is_Available_AddToCart" time="2.309"/>
</testsuite> <!-- Test -->
