<?xml version="1.0" encoding="UTF-8"?>
<!-- Generated by org.testng.reporters.JUnitReportReporter -->
<testsuite hostname="DESKTOP-20UUDJV" failures="0" tests="3" name="com.flipcart.india.testscript.AutomationTask" time="29.828" errors="0" timestamp="2026-01-21T12:23:31 IST" skipped="0">
  <testcase classname="com.flipcart.india.testscript.AutomationTask" name="Print_Available_offers" time="22.119">
    <system-out>
      <![CDATA[Clicked first product successfully
Print_Available_offershas been TestSuccess ]]>
    </system-out>
  </testcase> <!-- Print_Available_offers -->
  <testcase classname="com.flipcart.india.testscript.AutomationTask" name="Product_is_Not_Available" time="5.400">
    <system-out>
      <![CDATA[Product is available Add to Cart is present & enabled.
Product_is_Not_Availablehas been TestSuccess ]]>
    </system-out>
  </testcase> <!-- Product_is_Not_Available -->
  <testcase classname="com.flipcart.india.testscript.AutomationTask" name="Product_is_Available_AddToCart" time="2.309">
    <system-out>
      <![CDATA[Product available - Added to cart successfully
Product_is_Available_AddToCarthas been TestSuccess ]]>
    </system-out>
  </testcase> <!-- Product_is_Available_AddToCart -->
  <system-out>
    <![CDATA[Clicked first product successfully
Print_Available_offershas been TestSuccess 
Product is available Add to Cart is present & enabled.
Product_is_Not_Availablehas been TestSuccess 
Product available - Added to cart successfully
Product_is_Available_AddToCarthas been TestSuccess 
closeBrowser]]>
  </system-out>
</testsuite> <!-- com.flipcart.india.testscript.AutomationTask -->
